<?xml version="1.0" encoding="UTF-8"?>
<testsuite name="com.example.tutoopjdbc.TutoopjdbcApplicationTest" tests="1" skipped="0" failures="0" errors="0" timestamp="2023-05-30T05:12:13" hostname="DESKTOP-JFJG0QJ" time="0.133">
  <properties/>
  <testcase name="testis369()" classname="com.example.tutoopjdbc.TutoopjdbcApplicationTest" time="0.133"/>
  <system-out><![CDATA[]]></system-out>
  <system-err><![CDATA[]]></system-err>
</testsuite>
